0 info it worked if it ends with ok
1 verbose cli [ 'C:\\Program Files\\nodejs\\node.exe',
1 verbose cli   'C:\\Users\\Reclamation\\AppData\\Roaming\\npm\\node_modules\\npm\\bin\\npm-cli.js',
1 verbose cli   'install' ]
2 info using npm@3.10.8
3 info using node@v4.5.0
4 silly loadCurrentTree Starting
5 silly install loadCurrentTree
6 silly install readLocalPackageData
7 silly install normalizeTree
8 silly loadCurrentTree Finishing
9 silly loadIdealTree Starting
10 silly install loadIdealTree
11 silly cloneCurrentTree Starting
12 silly install cloneCurrentTreeToIdealTree
13 silly cloneCurrentTree Finishing
14 silly loadShrinkwrap Starting
15 silly install loadShrinkwrap
16 silly loadShrinkwrap Finishing
17 silly loadAllDepsIntoIdealTree Starting
18 silly install loadAllDepsIntoIdealTree
19 silly fetchNamedPackageData bcrypt
20 silly mapToRegistry name bcrypt
21 silly mapToRegistry using default registry
22 silly mapToRegistry registry https://registry.npmjs.org/
23 silly mapToRegistry data Result {
23 silly mapToRegistry   raw: 'bcrypt',
23 silly mapToRegistry   scope: null,
23 silly mapToRegistry   escapedName: 'bcrypt',
23 silly mapToRegistry   name: 'bcrypt',
23 silly mapToRegistry   rawSpec: '',
23 silly mapToRegistry   spec: 'latest',
23 silly mapToRegistry   type: 'tag' }
24 silly mapToRegistry uri https://registry.npmjs.org/bcrypt
25 verbose request uri https://registry.npmjs.org/bcrypt
26 verbose request no auth needed
27 info attempt registry request try #1 at 2:40:19 PM
28 verbose request id f5b7769089eeb777
29 verbose etag "C732ZMNYAG6GBU1DOLULG793M"
30 http request GET https://registry.npmjs.org/bcrypt
31 http 304 https://registry.npmjs.org/bcrypt
32 verbose headers { date: 'Thu, 20 Oct 2016 21:40:19 GMT',
32 verbose headers   via: '1.1 varnish',
32 verbose headers   'cache-control': 'max-age=300',
32 verbose headers   etag: '"C732ZMNYAG6GBU1DOLULG793M"',
32 verbose headers   age: '49',
32 verbose headers   connection: 'keep-alive',
32 verbose headers   'x-served-by': 'cache-lax8634-LAX',
32 verbose headers   'x-cache': 'HIT',
32 verbose headers   'x-cache-hits': '1',
32 verbose headers   'x-timer': 'S1476999619.607606,VS0,VE0',
32 verbose headers   vary: 'Accept-Encoding' }
33 silly get cb [ 304,
33 silly get   { date: 'Thu, 20 Oct 2016 21:40:19 GMT',
33 silly get     via: '1.1 varnish',
33 silly get     'cache-control': 'max-age=300',
33 silly get     etag: '"C732ZMNYAG6GBU1DOLULG793M"',
33 silly get     age: '49',
33 silly get     connection: 'keep-alive',
33 silly get     'x-served-by': 'cache-lax8634-LAX',
33 silly get     'x-cache': 'HIT',
33 silly get     'x-cache-hits': '1',
33 silly get     'x-timer': 'S1476999619.607606,VS0,VE0',
33 silly get     vary: 'Accept-Encoding' } ]
34 verbose etag https://registry.npmjs.org/bcrypt from cache
35 verbose get saving bcrypt to C:\Users\Reclamation\AppData\Roaming\npm-cache\registry.npmjs.org\bcrypt\.cache.json
36 verbose correctMkdir C:\Users\Reclamation\AppData\Roaming\npm-cache correctMkdir not in flight; initializing
37 silly resolveWithNewModule bcrypt@0.8.7 checking installable status
38 silly cache add args [ 'bcrypt@^0.8.7', null ]
39 verbose cache add spec bcrypt@^0.8.7
40 silly cache add parsed spec Result {
40 silly cache add   raw: 'bcrypt@^0.8.7',
40 silly cache add   scope: null,
40 silly cache add   escapedName: 'bcrypt',
40 silly cache add   name: 'bcrypt',
40 silly cache add   rawSpec: '^0.8.7',
40 silly cache add   spec: '>=0.8.7 <0.9.0',
40 silly cache add   type: 'range' }
41 silly addNamed bcrypt@>=0.8.7 <0.9.0
42 verbose addNamed ">=0.8.7 <0.9.0" is a valid semver range for bcrypt
43 silly addNameRange { name: 'bcrypt', range: '>=0.8.7 <0.9.0', hasData: false }
44 silly mapToRegistry name bcrypt
45 silly mapToRegistry using default registry
46 silly mapToRegistry registry https://registry.npmjs.org/
47 silly mapToRegistry data Result {
47 silly mapToRegistry   raw: 'bcrypt',
47 silly mapToRegistry   scope: null,
47 silly mapToRegistry   escapedName: 'bcrypt',
47 silly mapToRegistry   name: 'bcrypt',
47 silly mapToRegistry   rawSpec: '',
47 silly mapToRegistry   spec: 'latest',
47 silly mapToRegistry   type: 'tag' }
48 silly mapToRegistry uri https://registry.npmjs.org/bcrypt
49 verbose addNameRange registry:https://registry.npmjs.org/bcrypt not in flight; fetching
50 verbose get https://registry.npmjs.org/bcrypt not expired, no request
51 silly addNameRange number 2 { name: 'bcrypt', range: '>=0.8.7 <0.9.0', hasData: true }
52 silly addNameRange versions [ 'bcrypt',
52 silly addNameRange   [ '0.1.2',
52 silly addNameRange     '0.2.0',
52 silly addNameRange     '0.2.1',
52 silly addNameRange     '0.1.3',
52 silly addNameRange     '0.2.2',
52 silly addNameRange     '0.2.3',
52 silly addNameRange     '0.2.4',
52 silly addNameRange     '0.3.0',
52 silly addNameRange     '0.3.1',
52 silly addNameRange     '0.3.2',
52 silly addNameRange     '0.4.0',
52 silly addNameRange     '0.4.1',
52 silly addNameRange     '0.5.0',
52 silly addNameRange     '0.6.0',
52 silly addNameRange     '0.7.0',
52 silly addNameRange     '0.7.1',
52 silly addNameRange     '0.7.2',
52 silly addNameRange     '0.7.3',
52 silly addNameRange     '0.7.4',
52 silly addNameRange     '0.7.5',
52 silly addNameRange     '0.7.6',
52 silly addNameRange     '0.7.7',
52 silly addNameRange     '0.7.8',
52 silly addNameRange     '0.8.0',
52 silly addNameRange     '0.8.1',
52 silly addNameRange     '0.8.2',
52 silly addNameRange     '0.8.3',
52 silly addNameRange     '0.8.4',
52 silly addNameRange     '0.8.5',
52 silly addNameRange     '0.8.6',
52 silly addNameRange     '0.8.7' ] ]
53 silly addNamed bcrypt@0.8.7
54 verbose addNamed "0.8.7" is a plain semver version for bcrypt
55 silly cache afterAdd bcrypt@0.8.7
56 verbose afterAdd C:\Users\Reclamation\AppData\Roaming\npm-cache\bcrypt\0.8.7\package\package.json not in flight; writing
57 verbose correctMkdir C:\Users\Reclamation\AppData\Roaming\npm-cache correctMkdir not in flight; initializing
58 verbose afterAdd C:\Users\Reclamation\AppData\Roaming\npm-cache\bcrypt\0.8.7\package\package.json written
59 silly fetchNamedPackageData bindings
60 silly mapToRegistry name bindings
61 silly mapToRegistry using default registry
62 silly mapToRegistry registry https://registry.npmjs.org/
63 silly mapToRegistry data Result {
63 silly mapToRegistry   raw: 'bindings',
63 silly mapToRegistry   scope: null,
63 silly mapToRegistry   escapedName: 'bindings',
63 silly mapToRegistry   name: 'bindings',
63 silly mapToRegistry   rawSpec: '',
63 silly mapToRegistry   spec: 'latest',
63 silly mapToRegistry   type: 'tag' }
64 silly mapToRegistry uri https://registry.npmjs.org/bindings
65 silly fetchNamedPackageData nan
66 silly mapToRegistry name nan
67 silly mapToRegistry using default registry
68 silly mapToRegistry registry https://registry.npmjs.org/
69 silly mapToRegistry data Result {
69 silly mapToRegistry   raw: 'nan',
69 silly mapToRegistry   scope: null,
69 silly mapToRegistry   escapedName: 'nan',
69 silly mapToRegistry   name: 'nan',
69 silly mapToRegistry   rawSpec: '',
69 silly mapToRegistry   spec: 'latest',
69 silly mapToRegistry   type: 'tag' }
70 silly mapToRegistry uri https://registry.npmjs.org/nan
71 verbose request uri https://registry.npmjs.org/bindings
72 verbose request no auth needed
73 info attempt registry request try #1 at 2:40:19 PM
74 verbose etag "8QW29MHCPCE6VJCVI3QVXRJAQ"
75 http request GET https://registry.npmjs.org/bindings
76 verbose request uri https://registry.npmjs.org/nan
77 verbose request no auth needed
78 info attempt registry request try #1 at 2:40:19 PM
79 verbose etag "2QXFPVXUU9DUUTAACVV4FOU2Z"
80 http request GET https://registry.npmjs.org/nan
81 http 304 https://registry.npmjs.org/bindings
82 verbose headers { date: 'Thu, 20 Oct 2016 21:40:19 GMT',
82 verbose headers   via: '1.1 varnish',
82 verbose headers   'cache-control': 'max-age=300',
82 verbose headers   etag: '"8QW29MHCPCE6VJCVI3QVXRJAQ"',
82 verbose headers   age: '36',
82 verbose headers   connection: 'keep-alive',
82 verbose headers   'x-served-by': 'cache-lax8634-LAX',
82 verbose headers   'x-cache': 'HIT',
82 verbose headers   'x-cache-hits': '106',
82 verbose headers   'x-timer': 'S1476999619.849617,VS0,VE0',
82 verbose headers   vary: 'Accept-Encoding' }
83 silly get cb [ 304,
83 silly get   { date: 'Thu, 20 Oct 2016 21:40:19 GMT',
83 silly get     via: '1.1 varnish',
83 silly get     'cache-control': 'max-age=300',
83 silly get     etag: '"8QW29MHCPCE6VJCVI3QVXRJAQ"',
83 silly get     age: '36',
83 silly get     connection: 'keep-alive',
83 silly get     'x-served-by': 'cache-lax8634-LAX',
83 silly get     'x-cache': 'HIT',
83 silly get     'x-cache-hits': '106',
83 silly get     'x-timer': 'S1476999619.849617,VS0,VE0',
83 silly get     vary: 'Accept-Encoding' } ]
84 verbose etag https://registry.npmjs.org/bindings from cache
85 verbose get saving bindings to C:\Users\Reclamation\AppData\Roaming\npm-cache\registry.npmjs.org\bindings\.cache.json
86 verbose correctMkdir C:\Users\Reclamation\AppData\Roaming\npm-cache correctMkdir not in flight; initializing
87 silly resolveWithNewModule bindings@1.2.1 checking installable status
88 silly cache add args [ 'bindings@1.2.1', null ]
89 verbose cache add spec bindings@1.2.1
90 silly cache add parsed spec Result {
90 silly cache add   raw: 'bindings@1.2.1',
90 silly cache add   scope: null,
90 silly cache add   escapedName: 'bindings',
90 silly cache add   name: 'bindings',
90 silly cache add   rawSpec: '1.2.1',
90 silly cache add   spec: '1.2.1',
90 silly cache add   type: 'version' }
91 silly addNamed bindings@1.2.1
92 verbose addNamed "1.2.1" is a plain semver version for bindings
93 silly mapToRegistry name bindings
94 silly mapToRegistry using default registry
95 silly mapToRegistry registry https://registry.npmjs.org/
96 silly mapToRegistry data Result {
96 silly mapToRegistry   raw: 'bindings',
96 silly mapToRegistry   scope: null,
96 silly mapToRegistry   escapedName: 'bindings',
96 silly mapToRegistry   name: 'bindings',
96 silly mapToRegistry   rawSpec: '',
96 silly mapToRegistry   spec: 'latest',
96 silly mapToRegistry   type: 'tag' }
97 silly mapToRegistry uri https://registry.npmjs.org/bindings
98 verbose addNameVersion registry:https://registry.npmjs.org/bindings not in flight; fetching
99 verbose get https://registry.npmjs.org/bindings not expired, no request
100 silly cache afterAdd bindings@1.2.1
101 verbose afterAdd C:\Users\Reclamation\AppData\Roaming\npm-cache\bindings\1.2.1\package\package.json not in flight; writing
102 verbose correctMkdir C:\Users\Reclamation\AppData\Roaming\npm-cache correctMkdir not in flight; initializing
103 verbose afterAdd C:\Users\Reclamation\AppData\Roaming\npm-cache\bindings\1.2.1\package\package.json written
104 http 200 https://registry.npmjs.org/nan
105 verbose headers { server: 'CouchDB/1.5.0 (Erlang OTP/R16B03)',
105 verbose headers   etag: '"4B7M8O33L03IASZBNJ0MBFR7I"',
105 verbose headers   'content-type': 'application/json',
105 verbose headers   'content-encoding': 'gzip',
105 verbose headers   'cache-control': 'max-age=300',
105 verbose headers   'content-length': '17179',
105 verbose headers   'accept-ranges': 'bytes',
105 verbose headers   date: 'Thu, 20 Oct 2016 21:40:19 GMT',
105 verbose headers   via: '1.1 varnish',
105 verbose headers   age: '285',
105 verbose headers   connection: 'keep-alive',
105 verbose headers   'x-served-by': 'cache-lax8629-LAX',
105 verbose headers   'x-cache': 'HIT',
105 verbose headers   'x-cache-hits': '4',
105 verbose headers   'x-timer': 'S1476999619.926951,VS0,VE0',
105 verbose headers   vary: 'Accept-Encoding' }
106 silly get cb [ 200,
106 silly get   { server: 'CouchDB/1.5.0 (Erlang OTP/R16B03)',
106 silly get     etag: '"4B7M8O33L03IASZBNJ0MBFR7I"',
106 silly get     'content-type': 'application/json',
106 silly get     'content-encoding': 'gzip',
106 silly get     'cache-control': 'max-age=300',
106 silly get     'content-length': '17179',
106 silly get     'accept-ranges': 'bytes',
106 silly get     date: 'Thu, 20 Oct 2016 21:40:19 GMT',
106 silly get     via: '1.1 varnish',
106 silly get     age: '285',
106 silly get     connection: 'keep-alive',
106 silly get     'x-served-by': 'cache-lax8629-LAX',
106 silly get     'x-cache': 'HIT',
106 silly get     'x-cache-hits': '4',
106 silly get     'x-timer': 'S1476999619.926951,VS0,VE0',
106 silly get     vary: 'Accept-Encoding' } ]
107 verbose get saving nan to C:\Users\Reclamation\AppData\Roaming\npm-cache\registry.npmjs.org\nan\.cache.json
108 verbose correctMkdir C:\Users\Reclamation\AppData\Roaming\npm-cache correctMkdir not in flight; initializing
109 silly resolveWithNewModule nan@2.3.5 checking installable status
110 silly cache add args [ 'nan@2.3.5', null ]
111 verbose cache add spec nan@2.3.5
112 silly cache add parsed spec Result {
112 silly cache add   raw: 'nan@2.3.5',
112 silly cache add   scope: null,
112 silly cache add   escapedName: 'nan',
112 silly cache add   name: 'nan',
112 silly cache add   rawSpec: '2.3.5',
112 silly cache add   spec: '2.3.5',
112 silly cache add   type: 'version' }
113 silly addNamed nan@2.3.5
114 verbose addNamed "2.3.5" is a plain semver version for nan
115 silly mapToRegistry name nan
116 silly mapToRegistry using default registry
117 silly mapToRegistry registry https://registry.npmjs.org/
118 silly mapToRegistry data Result {
118 silly mapToRegistry   raw: 'nan',
118 silly mapToRegistry   scope: null,
118 silly mapToRegistry   escapedName: 'nan',
118 silly mapToRegistry   name: 'nan',
118 silly mapToRegistry   rawSpec: '',
118 silly mapToRegistry   spec: 'latest',
118 silly mapToRegistry   type: 'tag' }
119 silly mapToRegistry uri https://registry.npmjs.org/nan
120 verbose addNameVersion registry:https://registry.npmjs.org/nan not in flight; fetching
121 verbose get https://registry.npmjs.org/nan not expired, no request
122 silly cache afterAdd nan@2.3.5
123 verbose afterAdd C:\Users\Reclamation\AppData\Roaming\npm-cache\nan\2.3.5\package\package.json not in flight; writing
124 verbose correctMkdir C:\Users\Reclamation\AppData\Roaming\npm-cache correctMkdir not in flight; initializing
125 verbose afterAdd C:\Users\Reclamation\AppData\Roaming\npm-cache\nan\2.3.5\package\package.json written
126 silly fetchNamedPackageData fsevents
127 silly mapToRegistry name fsevents
128 silly mapToRegistry using default registry
129 silly mapToRegistry registry https://registry.npmjs.org/
130 silly mapToRegistry data Result {
130 silly mapToRegistry   raw: 'fsevents',
130 silly mapToRegistry   scope: null,
130 silly mapToRegistry   escapedName: 'fsevents',
130 silly mapToRegistry   name: 'fsevents',
130 silly mapToRegistry   rawSpec: '',
130 silly mapToRegistry   spec: 'latest',
130 silly mapToRegistry   type: 'tag' }
131 silly mapToRegistry uri https://registry.npmjs.org/fsevents
132 verbose request uri https://registry.npmjs.org/fsevents
133 verbose request no auth needed
134 info attempt registry request try #1 at 2:40:21 PM
135 verbose etag "J1WMJADQEUBTKGSOYI5A2X04"
136 http request GET https://registry.npmjs.org/fsevents
137 http 304 https://registry.npmjs.org/fsevents
138 verbose headers { date: 'Thu, 20 Oct 2016 21:40:21 GMT',
138 verbose headers   via: '1.1 varnish',
138 verbose headers   'cache-control': 'max-age=300',
138 verbose headers   etag: '"J1WMJADQEUBTKGSOYI5A2X04"',
138 verbose headers   age: '120',
138 verbose headers   connection: 'keep-alive',
138 verbose headers   'x-served-by': 'cache-lax8634-LAX',
138 verbose headers   'x-cache': 'HIT',
138 verbose headers   'x-cache-hits': '2',
138 verbose headers   'x-timer': 'S1476999621.048269,VS0,VE0',
138 verbose headers   vary: 'Accept-Encoding' }
139 silly get cb [ 304,
139 silly get   { date: 'Thu, 20 Oct 2016 21:40:21 GMT',
139 silly get     via: '1.1 varnish',
139 silly get     'cache-control': 'max-age=300',
139 silly get     etag: '"J1WMJADQEUBTKGSOYI5A2X04"',
139 silly get     age: '120',
139 silly get     connection: 'keep-alive',
139 silly get     'x-served-by': 'cache-lax8634-LAX',
139 silly get     'x-cache': 'HIT',
139 silly get     'x-cache-hits': '2',
139 silly get     'x-timer': 'S1476999621.048269,VS0,VE0',
139 silly get     vary: 'Accept-Encoding' } ]
140 verbose etag https://registry.npmjs.org/fsevents from cache
141 verbose get saving fsevents to C:\Users\Reclamation\AppData\Roaming\npm-cache\registry.npmjs.org\fsevents\.cache.json
142 verbose correctMkdir C:\Users\Reclamation\AppData\Roaming\npm-cache correctMkdir not in flight; initializing
143 silly resolveWithNewModule fsevents@1.0.14 checking installable status
144 silly loadAllDepsIntoIdealTree Finishing
145 silly loadIdealTree Finishing
146 silly currentTree planit@1.0.0
146 silly currentTree +-- abbrev@1.0.9
146 silly currentTree +-- accepts@1.3.3
146 silly currentTree +-- ansi-regex@2.0.0
146 silly currentTree +-- ansi-styles@2.2.1
146 silly currentTree +-- anymatch@1.3.0
146 silly currentTree +-- ap@0.2.0
146 silly currentTree +-- argparse@1.0.9
146 silly currentTree +-- arr-diff@2.0.0
146 silly currentTree +-- arr-flatten@1.0.1
146 silly currentTree +-- array-flatten@1.1.1
146 silly currentTree +-- array-uniq@1.0.2
146 silly currentTree +-- array-unique@0.2.1
146 silly currentTree +-- arrify@1.0.1
146 silly currentTree +-- asn1@0.2.3
146 silly currentTree +-- assert-plus@0.2.0
146 silly currentTree +-- async-each@1.0.1
146 silly currentTree +-- async@0.2.10
146 silly currentTree +-- asynckit@0.4.0
146 silly currentTree +-- aws-sign2@0.6.0
146 silly currentTree +-- aws4@1.5.0
146 silly currentTree +-- babel-runtime@6.11.6
146 silly currentTree +-- babylon@6.12.0
146 silly currentTree +-- balanced-match@0.4.2
146 silly currentTree +-- basic-auth@1.0.4
146 silly currentTree +-- bcrypt-pbkdf@1.0.0
146 silly currentTree +-- bignumber.js@2.3.0
146 silly currentTree +-- binary-extensions@1.7.0
146 silly currentTree +-- bl@1.1.2
146 silly currentTree | +-- isarray@1.0.0
146 silly currentTree | `-- readable-stream@2.0.6
146 silly currentTree +-- bluebird@3.4.6
146 silly currentTree +-- body-parser@1.15.2
146 silly currentTree +-- boom@2.10.1
146 silly currentTree +-- brace-expansion@1.1.6
146 silly currentTree +-- braces@1.8.5
146 silly currentTree +-- buffer-shims@1.0.0
146 silly currentTree +-- buffer-writer@1.0.1
146 silly currentTree +-- bytes@2.4.0
146 silly currentTree +-- caseless@0.11.0
146 silly currentTree +-- chalk@1.1.3
146 silly currentTree +-- chokidar@1.6.1
146 silly currentTree +-- cli-table@0.3.1
146 silly currentTree +-- colors@1.0.3
146 silly currentTree +-- combined-stream@1.0.5
146 silly currentTree +-- commander@2.9.0
146 silly currentTree +-- comment-parser@0.3.1
146 silly currentTree | +-- isarray@1.0.0
146 silly currentTree | `-- readable-stream@2.1.5
146 silly currentTree +-- concat-map@0.0.1
146 silly currentTree +-- configstore@1.4.0
146 silly currentTree +-- content-disposition@0.5.1
146 silly currentTree +-- content-type@1.0.2
146 silly currentTree +-- cookie-signature@1.0.6
146 silly currentTree +-- cookie@0.3.1
146 silly currentTree +-- core-js@2.4.1
146 silly currentTree +-- core-util-is@1.0.2
146 silly currentTree +-- cors@2.8.1
146 silly currentTree +-- cross-env@3.1.3
146 silly currentTree +-- cross-spawn@3.0.1
146 silly currentTree +-- cryptiles@2.0.5
146 silly currentTree +-- crypto@0.0.3
146 silly currentTree +-- cst@0.4.6
146 silly currentTree +-- cycle@1.0.3
146 silly currentTree +-- dashdash@1.14.0
146 silly currentTree | `-- assert-plus@1.0.0
146 silly currentTree +-- debug@2.2.0
146 silly currentTree +-- deep-equal@1.0.1
146 silly currentTree +-- deep-extend@0.4.1
146 silly currentTree +-- delayed-stream@1.0.0
146 silly currentTree +-- depd@1.1.0
146 silly currentTree +-- destroy@1.0.4
146 silly currentTree +-- dom-serializer@0.1.0
146 silly currentTree | +-- domelementtype@1.1.3
146 silly currentTree | `-- entities@1.1.1
146 silly currentTree +-- domelementtype@1.3.0
146 silly currentTree +-- domhandler@2.3.0
146 silly currentTree +-- domutils@1.5.1
146 silly currentTree +-- dotenv@2.0.0
146 silly currentTree +-- dottie@1.1.1
146 silly currentTree +-- duplexer@0.1.1
146 silly currentTree +-- duplexify@3.4.6
146 silly currentTree | +-- isarray@1.0.0
146 silly currentTree | `-- readable-stream@2.1.5
146 silly currentTree +-- ecc-jsbn@0.1.1
146 silly currentTree +-- ee-first@1.1.1
146 silly currentTree +-- encodeurl@1.0.1
146 silly currentTree +-- end-of-stream@1.0.0
146 silly currentTree | `-- once@1.3.3
146 silly currentTree +-- entities@1.0.0
146 silly currentTree +-- es6-promise@3.3.1
146 silly currentTree +-- escape-html@1.0.3
146 silly currentTree +-- escape-string-regexp@1.0.5
146 silly currentTree +-- esprima@2.7.3
146 silly currentTree +-- estraverse@4.2.0
146 silly currentTree +-- etag@1.7.0
146 silly currentTree +-- event-stream@3.3.4
146 silly currentTree | `-- split@0.3.3
146 silly currentTree +-- exit@0.1.2
146 silly currentTree +-- expand-brackets@0.1.5
146 silly currentTree +-- expand-range@1.8.2
146 silly currentTree +-- express@4.14.0
146 silly currentTree +-- extend@3.0.0
146 silly currentTree +-- extglob@0.3.2
146 silly currentTree +-- extsprintf@1.0.2
146 silly currentTree +-- eyes@0.1.8
146 silly currentTree +-- filename-regex@2.0.0
146 silly currentTree +-- fill-range@2.2.3
146 silly currentTree +-- finalhandler@0.5.0
146 silly currentTree +-- for-in@0.1.6
146 silly currentTree +-- for-own@0.1.4
146 silly currentTree +-- forever-agent@0.6.1
146 silly currentTree +-- form-data@2.0.0
146 silly currentTree +-- forwarded@0.1.0
146 silly currentTree +-- fresh@0.3.0
146 silly currentTree +-- from@0.1.3
146 silly currentTree +-- fs.realpath@1.0.0
146 silly currentTree +-- generate-function@2.0.0
146 silly currentTree +-- generate-object-property@1.2.0
146 silly currentTree +-- generic-pool@2.4.2
146 silly currentTree +-- getpass@0.1.6
146 silly currentTree | `-- assert-plus@1.0.0
146 silly currentTree +-- glob-base@0.3.0
146 silly currentTree +-- glob-parent@2.0.0
146 silly currentTree +-- glob@5.0.15
146 silly currentTree +-- got@3.3.1
146 silly currentTree | `-- object-assign@3.0.0
146 silly currentTree +-- graceful-fs@4.1.9
146 silly currentTree +-- graceful-readlink@1.0.1
146 silly currentTree +-- har-validator@2.0.6
146 silly currentTree +-- has-ansi@2.0.0
146 silly currentTree +-- has-color@0.1.7
146 silly currentTree +-- hawk@3.1.3
146 silly currentTree +-- hoek@2.16.3
146 silly currentTree +-- htmlparser2@3.8.3
146 silly currentTree +-- http-errors@1.5.0
146 silly currentTree +-- http-signature@1.1.1
146 silly currentTree +-- i@0.3.5
146 silly currentTree +-- iconv-lite@0.4.13
146 silly currentTree +-- ignore-by-default@1.0.1
146 silly currentTree +-- imurmurhash@0.1.4
146 silly currentTree +-- infinity-agent@2.0.3
146 silly currentTree +-- inflection@1.10.0
146 silly currentTree +-- inflight@1.0.6
146 silly currentTree +-- inherit@2.2.6
146 silly currentTree +-- inherits@2.0.1
146 silly currentTree +-- ini@1.3.4
146 silly currentTree +-- ipaddr.js@1.1.1
146 silly currentTree +-- is-binary-path@1.0.1
146 silly currentTree +-- is-buffer@1.1.4
146 silly currentTree +-- is-dotfile@1.0.2
146 silly currentTree +-- is-equal-shallow@0.1.3
146 silly currentTree +-- is-extendable@0.1.1
146 silly currentTree +-- is-extglob@1.0.0
146 silly currentTree +-- is-finite@1.0.2
146 silly currentTree +-- is-glob@2.0.1
146 silly currentTree +-- is-my-json-valid@2.15.0
146 silly currentTree +-- is-npm@1.0.0
146 silly currentTree +-- is-number@2.1.0
146 silly currentTree +-- is-posix-bracket@0.1.1
146 silly currentTree +-- is-primitive@2.0.0
146 silly currentTree +-- is-property@1.0.2
146 silly currentTree +-- is-redirect@1.0.0
146 silly currentTree +-- is-stream@1.1.0
146 silly currentTree +-- is-typedarray@1.0.0
146 silly currentTree +-- is-utf8@0.2.1
146 silly currentTree +-- isarray@0.0.1
146 silly currentTree +-- isexe@1.1.2
146 silly currentTree +-- isobject@2.1.0
146 silly currentTree | `-- isarray@1.0.0
146 silly currentTree +-- isstream@0.1.2
146 silly currentTree +-- jodid25519@1.0.2
146 silly currentTree +-- js-yaml@3.4.6
146 silly currentTree +-- jsbn@0.1.0
146 silly currentTree +-- jscs-jsdoc@2.0.0
146 silly currentTree +-- jscs-preset-wikimedia@1.0.0
146 silly currentTree +-- jscs@3.0.7
146 silly currentTree | `-- lodash@3.10.1
146 silly currentTree +-- jsdoctypeparser@1.2.0
146 silly currentTree | `-- lodash@3.10.1
146 silly currentTree +-- json-schema@0.2.3
146 silly currentTree +-- json-stringify-safe@5.0.1
146 silly currentTree +-- jsonlint@1.6.2
146 silly currentTree +-- jsonpointer@4.0.0
146 silly currentTree +-- jsprim@1.3.1
146 silly currentTree +-- JSV@4.0.2
146 silly currentTree +-- kind-of@3.0.4
146 silly currentTree +-- latest-version@1.0.1
146 silly currentTree +-- lodash._baseassign@3.2.0
146 silly currentTree +-- lodash._basecopy@3.0.1
146 silly currentTree +-- lodash._bindcallback@3.0.1
146 silly currentTree +-- lodash._createassigner@3.1.1
146 silly currentTree +-- lodash._getnative@3.9.1
146 silly currentTree +-- lodash._isiterateecall@3.0.9
146 silly currentTree +-- lodash.assign@3.2.0
146 silly currentTree +-- lodash.defaults@3.1.2
146 silly currentTree +-- lodash.isarguments@3.1.0
146 silly currentTree +-- lodash.isarray@3.0.4
146 silly currentTree +-- lodash.keys@3.1.2
146 silly currentTree +-- lodash.restparam@3.6.1
146 silly currentTree +-- lodash@4.12.0
146 silly currentTree +-- lowercase-keys@1.0.0
146 silly currentTree +-- lru-cache@4.0.1
146 silly currentTree +-- map-stream@0.1.0
146 silly currentTree +-- media-typer@0.3.0
146 silly currentTree +-- merge-descriptors@1.0.1
146 silly currentTree +-- methods@1.1.2
146 silly currentTree +-- micromatch@2.3.11
146 silly currentTree +-- mime-db@1.24.0
146 silly currentTree +-- mime-types@2.1.12
146 silly currentTree +-- mime@1.3.4
146 silly currentTree +-- minimatch@3.0.3
146 silly currentTree +-- minimist@0.0.8
146 silly currentTree +-- mkdirp@0.5.1
146 silly currentTree +-- moment-timezone@0.5.6
146 silly currentTree +-- moment@2.15.1
146 silly currentTree +-- morgan@1.7.0
146 silly currentTree +-- ms@0.7.1
146 silly currentTree +-- mute-stream@0.0.6
146 silly currentTree +-- mysql@2.11.1
146 silly currentTree +-- natural-compare@1.2.2
146 silly currentTree +-- ncp@0.4.2
146 silly currentTree +-- negotiator@0.6.1
146 silly currentTree +-- nested-error-stacks@1.0.2
146 silly currentTree +-- node-uuid@1.4.7
146 silly currentTree +-- nodemon@1.11.0
146 silly currentTree +-- nomnom@1.8.1
146 silly currentTree | +-- ansi-styles@1.0.0
146 silly currentTree | +-- chalk@0.4.0
146 silly currentTree | +-- strip-ansi@0.1.1
146 silly currentTree | `-- underscore@1.6.0
146 silly currentTree +-- nopt@1.0.10
146 silly currentTree +-- normalize-path@2.0.1
146 silly currentTree +-- number-is-nan@1.0.1
146 silly currentTree +-- oauth-sign@0.8.2
146 silly currentTree +-- oauth@0.9.14
146 silly currentTree +-- object-assign@4.1.0
146 silly currentTree +-- object.omit@2.0.0
146 silly currentTree +-- on-finished@2.3.0
146 silly currentTree +-- on-headers@1.0.1
146 silly currentTree +-- once@1.4.0
146 silly currentTree +-- os-homedir@1.0.2
146 silly currentTree +-- os-tmpdir@1.0.2
146 silly currentTree +-- osenv@0.1.3
146 silly currentTree +-- package-json@1.2.0
146 silly currentTree +-- packet-reader@0.2.0
146 silly currentTree +-- parse-glob@3.0.4
146 silly currentTree +-- parseurl@1.3.1
146 silly currentTree +-- path-is-absolute@1.0.1
146 silly currentTree +-- path-to-regexp@0.1.7
146 silly currentTree +-- path@0.12.7
146 silly currentTree +-- pathval@0.1.1
146 silly currentTree +-- pause-stream@0.0.11
146 silly currentTree +-- pg-connection-string@0.1.3
146 silly currentTree +-- pg-hstore@2.3.2
146 silly currentTree +-- pg-pool@1.5.0
146 silly currentTree +-- pg-types@1.11.0
146 silly currentTree +-- pg@6.1.0
146 silly currentTree +-- pgpass@1.0.1
146 silly currentTree +-- pinkie-promise@2.0.1
146 silly currentTree +-- pinkie@2.0.4
146 silly currentTree +-- pkginfo@0.4.0
146 silly currentTree +-- postgres-array@1.0.0
146 silly currentTree +-- postgres-bytea@1.0.0
146 silly currentTree +-- postgres-date@1.0.3
146 silly currentTree +-- postgres-interval@1.0.2
146 silly currentTree +-- prepend-http@1.0.4
146 silly currentTree +-- preserve@0.2.0
146 silly currentTree +-- process-nextick-args@1.0.7
146 silly currentTree +-- process@0.11.9
146 silly currentTree +-- prompt@0.2.14
146 silly currentTree +-- proxy-addr@1.1.2
146 silly currentTree +-- ps-tree@1.1.0
146 silly currentTree +-- pseudomap@1.0.2
146 silly currentTree +-- qs@6.2.0
146 silly currentTree +-- randomatic@1.1.5
146 silly currentTree +-- randomstring@1.1.5
146 silly currentTree +-- range-parser@1.2.0
146 silly currentTree +-- raw-body@2.1.7
146 silly currentTree +-- rc@1.1.6
146 silly currentTree | `-- minimist@1.2.0
146 silly currentTree +-- read-all-stream@3.1.0
146 silly currentTree | +-- isarray@1.0.0
146 silly currentTree | `-- readable-stream@2.1.5
146 silly currentTree +-- read@1.0.7
146 silly currentTree +-- readable-stream@1.1.14
146 silly currentTree +-- readdirp@2.1.0
146 silly currentTree | +-- isarray@1.0.0
146 silly currentTree | `-- readable-stream@2.1.5
146 silly currentTree +-- regenerator-runtime@0.9.5
146 silly currentTree +-- regex-cache@0.4.3
146 silly currentTree +-- registry-url@3.1.0
146 silly currentTree +-- repeat-element@1.1.2
146 silly currentTree +-- repeat-string@1.5.4
146 silly currentTree +-- repeating@1.1.3
146 silly currentTree +-- request@2.75.0
146 silly currentTree +-- reserved-words@0.1.1
146 silly currentTree +-- resolve@1.1.7
146 silly currentTree +-- retry-as-promised@2.1.0
146 silly currentTree +-- revalidator@0.1.8
146 silly currentTree +-- rimraf@2.5.4
146 silly currentTree | `-- glob@7.1.1
146 silly currentTree +-- semver-diff@2.1.0
146 silly currentTree | `-- semver@5.3.0
146 silly currentTree +-- semver@4.3.2
146 silly currentTree +-- send@0.14.1
146 silly currentTree +-- sequelize@3.24.4
146 silly currentTree | `-- semver@5.3.0
146 silly currentTree +-- serve-static@1.11.1
146 silly currentTree +-- set-immediate-shim@1.0.1
146 silly currentTree +-- setprototypeof@1.0.1
146 silly currentTree +-- shimmer@1.1.0
146 silly currentTree +-- slide@1.1.6
146 silly currentTree +-- sntp@1.0.9
146 silly currentTree +-- source-map-support@0.4.5
146 silly currentTree +-- source-map@0.5.6
146 silly currentTree +-- split@1.0.0
146 silly currentTree +-- sprintf-js@1.0.3
146 silly currentTree +-- sqlstring@2.0.1
146 silly currentTree +-- sshpk@1.10.1
146 silly currentTree | `-- assert-plus@1.0.0
146 silly currentTree +-- stack-trace@0.0.9
146 silly currentTree +-- statuses@1.3.0
146 silly currentTree +-- stream-combiner@0.0.4
146 silly currentTree +-- stream-shift@1.0.0
146 silly currentTree +-- string_decoder@0.10.31
146 silly currentTree +-- string-length@1.0.1
146 silly currentTree +-- stringstream@0.0.5
146 silly currentTree +-- strip-ansi@3.0.1
146 silly currentTree +-- strip-bom@2.0.0
146 silly currentTree +-- strip-json-comments@1.0.4
146 silly currentTree +-- supports-color@2.0.0
146 silly currentTree +-- terraformer-wkt-parser@1.1.2
146 silly currentTree +-- terraformer@1.0.7
146 silly currentTree +-- through@2.3.8
146 silly currentTree +-- timed-out@2.0.0
146 silly currentTree +-- to-double-quotes@2.0.0
146 silly currentTree +-- to-single-quotes@2.0.1
146 silly currentTree +-- toposort-class@1.0.1
146 silly currentTree +-- touch@1.0.0
146 silly currentTree +-- tough-cookie@2.3.1
146 silly currentTree +-- tunnel-agent@0.4.3
146 silly currentTree +-- tweetnacl@0.14.3
146 silly currentTree +-- type-is@1.6.13
146 silly currentTree +-- undefsafe@0.0.3
146 silly currentTree +-- underscore@1.8.3
146 silly currentTree +-- unpipe@1.0.0
146 silly currentTree +-- update-notifier@0.5.0
146 silly currentTree +-- util-deprecate@1.0.2
146 silly currentTree +-- util@0.10.3
146 silly currentTree +-- utile@0.2.1
146 silly currentTree +-- utils-merge@1.0.0
146 silly currentTree +-- uuid@2.0.3
146 silly currentTree +-- validator@5.7.0
146 silly currentTree +-- vary@1.1.0
146 silly currentTree +-- verror@1.3.6
146 silly currentTree +-- vow-fs@0.3.6
146 silly currentTree | `-- glob@7.1.1
146 silly currentTree +-- vow-queue@0.4.2
146 silly currentTree +-- vow@0.4.12
146 silly currentTree +-- which@1.2.11
146 silly currentTree +-- winston@0.8.3
146 silly currentTree | +-- colors@0.6.2
146 silly currentTree | `-- pkginfo@0.3.1
146 silly currentTree +-- wkx@0.2.0
146 silly currentTree +-- wrappy@1.0.2
146 silly currentTree +-- write-file-atomic@1.2.0
146 silly currentTree +-- xdg-basedir@2.0.0
146 silly currentTree +-- xmlbuilder@3.1.0
146 silly currentTree | `-- lodash@3.10.1
146 silly currentTree +-- xtend@4.0.1
146 silly currentTree +-- yallist@2.0.0
146 silly currentTree `-- yelp@1.0.1
147 silly idealTree planit@1.0.0
147 silly idealTree +-- abbrev@1.0.9
147 silly idealTree +-- accepts@1.3.3
147 silly idealTree +-- ansi-regex@2.0.0
147 silly idealTree +-- ansi-styles@2.2.1
147 silly idealTree +-- anymatch@1.3.0
147 silly idealTree +-- ap@0.2.0
147 silly idealTree +-- argparse@1.0.9
147 silly idealTree +-- arr-diff@2.0.0
147 silly idealTree +-- arr-flatten@1.0.1
147 silly idealTree +-- array-flatten@1.1.1
147 silly idealTree +-- array-uniq@1.0.2
147 silly idealTree +-- array-unique@0.2.1
147 silly idealTree +-- arrify@1.0.1
147 silly idealTree +-- asn1@0.2.3
147 silly idealTree +-- assert-plus@0.2.0
147 silly idealTree +-- async-each@1.0.1
147 silly idealTree +-- async@0.2.10
147 silly idealTree +-- asynckit@0.4.0
147 silly idealTree +-- aws-sign2@0.6.0
147 silly idealTree +-- aws4@1.5.0
147 silly idealTree +-- babel-runtime@6.11.6
147 silly idealTree +-- babylon@6.12.0
147 silly idealTree +-- balanced-match@0.4.2
147 silly idealTree +-- basic-auth@1.0.4
147 silly idealTree +-- bcrypt-pbkdf@1.0.0
147 silly idealTree +-- bcrypt@0.8.7
147 silly idealTree +-- bignumber.js@2.3.0
147 silly idealTree +-- binary-extensions@1.7.0
147 silly idealTree +-- bindings@1.2.1
147 silly idealTree +-- bl@1.1.2
147 silly idealTree | +-- isarray@1.0.0
147 silly idealTree | `-- readable-stream@2.0.6
147 silly idealTree +-- bluebird@3.4.6
147 silly idealTree +-- body-parser@1.15.2
147 silly idealTree +-- boom@2.10.1
147 silly idealTree +-- brace-expansion@1.1.6
147 silly idealTree +-- braces@1.8.5
147 silly idealTree +-- buffer-shims@1.0.0
147 silly idealTree +-- buffer-writer@1.0.1
147 silly idealTree +-- bytes@2.4.0
147 silly idealTree +-- caseless@0.11.0
147 silly idealTree +-- chalk@1.1.3
147 silly idealTree +-- chokidar@1.6.1
147 silly idealTree +-- cli-table@0.3.1
147 silly idealTree +-- colors@1.0.3
147 silly idealTree +-- combined-stream@1.0.5
147 silly idealTree +-- commander@2.9.0
147 silly idealTree +-- comment-parser@0.3.1
147 silly idealTree | +-- isarray@1.0.0
147 silly idealTree | `-- readable-stream@2.1.5
147 silly idealTree +-- concat-map@0.0.1
147 silly idealTree +-- configstore@1.4.0
147 silly idealTree +-- content-disposition@0.5.1
147 silly idealTree +-- content-type@1.0.2
147 silly idealTree +-- cookie-signature@1.0.6
147 silly idealTree +-- cookie@0.3.1
147 silly idealTree +-- core-js@2.4.1
147 silly idealTree +-- core-util-is@1.0.2
147 silly idealTree +-- cors@2.8.1
147 silly idealTree +-- cross-env@3.1.3
147 silly idealTree +-- cross-spawn@3.0.1
147 silly idealTree +-- cryptiles@2.0.5
147 silly idealTree +-- crypto@0.0.3
147 silly idealTree +-- cst@0.4.6
147 silly idealTree +-- cycle@1.0.3
147 silly idealTree +-- dashdash@1.14.0
147 silly idealTree | `-- assert-plus@1.0.0
147 silly idealTree +-- debug@2.2.0
147 silly idealTree +-- deep-equal@1.0.1
147 silly idealTree +-- deep-extend@0.4.1
147 silly idealTree +-- delayed-stream@1.0.0
147 silly idealTree +-- depd@1.1.0
147 silly idealTree +-- destroy@1.0.4
147 silly idealTree +-- dom-serializer@0.1.0
147 silly idealTree | +-- domelementtype@1.1.3
147 silly idealTree | `-- entities@1.1.1
147 silly idealTree +-- domelementtype@1.3.0
147 silly idealTree +-- domhandler@2.3.0
147 silly idealTree +-- domutils@1.5.1
147 silly idealTree +-- dotenv@2.0.0
147 silly idealTree +-- dottie@1.1.1
147 silly idealTree +-- duplexer@0.1.1
147 silly idealTree +-- duplexify@3.4.6
147 silly idealTree | +-- isarray@1.0.0
147 silly idealTree | `-- readable-stream@2.1.5
147 silly idealTree +-- ecc-jsbn@0.1.1
147 silly idealTree +-- ee-first@1.1.1
147 silly idealTree +-- encodeurl@1.0.1
147 silly idealTree +-- end-of-stream@1.0.0
147 silly idealTree | `-- once@1.3.3
147 silly idealTree +-- entities@1.0.0
147 silly idealTree +-- es6-promise@3.3.1
147 silly idealTree +-- escape-html@1.0.3
147 silly idealTree +-- escape-string-regexp@1.0.5
147 silly idealTree +-- esprima@2.7.3
147 silly idealTree +-- estraverse@4.2.0
147 silly idealTree +-- etag@1.7.0
147 silly idealTree +-- event-stream@3.3.4
147 silly idealTree | `-- split@0.3.3
147 silly idealTree +-- exit@0.1.2
147 silly idealTree +-- expand-brackets@0.1.5
147 silly idealTree +-- expand-range@1.8.2
147 silly idealTree +-- express@4.14.0
147 silly idealTree +-- extend@3.0.0
147 silly idealTree +-- extglob@0.3.2
147 silly idealTree +-- extsprintf@1.0.2
147 silly idealTree +-- eyes@0.1.8
147 silly idealTree +-- filename-regex@2.0.0
147 silly idealTree +-- fill-range@2.2.3
147 silly idealTree +-- finalhandler@0.5.0
147 silly idealTree +-- for-in@0.1.6
147 silly idealTree +-- for-own@0.1.4
147 silly idealTree +-- forever-agent@0.6.1
147 silly idealTree +-- form-data@2.0.0
147 silly idealTree +-- forwarded@0.1.0
147 silly idealTree +-- fresh@0.3.0
147 silly idealTree +-- from@0.1.3
147 silly idealTree +-- fs.realpath@1.0.0
147 silly idealTree +-- generate-function@2.0.0
147 silly idealTree +-- generate-object-property@1.2.0
147 silly idealTree +-- generic-pool@2.4.2
147 silly idealTree +-- getpass@0.1.6
147 silly idealTree | `-- assert-plus@1.0.0
147 silly idealTree +-- glob-base@0.3.0
147 silly idealTree +-- glob-parent@2.0.0
147 silly idealTree +-- glob@5.0.15
147 silly idealTree +-- got@3.3.1
147 silly idealTree | `-- object-assign@3.0.0
147 silly idealTree +-- graceful-fs@4.1.9
147 silly idealTree +-- graceful-readlink@1.0.1
147 silly idealTree +-- har-validator@2.0.6
147 silly idealTree +-- has-ansi@2.0.0
147 silly idealTree +-- has-color@0.1.7
147 silly idealTree +-- hawk@3.1.3
147 silly idealTree +-- hoek@2.16.3
147 silly idealTree +-- htmlparser2@3.8.3
147 silly idealTree +-- http-errors@1.5.0
147 silly idealTree +-- http-signature@1.1.1
147 silly idealTree +-- i@0.3.5
147 silly idealTree +-- iconv-lite@0.4.13
147 silly idealTree +-- ignore-by-default@1.0.1
147 silly idealTree +-- imurmurhash@0.1.4
147 silly idealTree +-- infinity-agent@2.0.3
147 silly idealTree +-- inflection@1.10.0
147 silly idealTree +-- inflight@1.0.6
147 silly idealTree +-- inherit@2.2.6
147 silly idealTree +-- inherits@2.0.1
147 silly idealTree +-- ini@1.3.4
147 silly idealTree +-- ipaddr.js@1.1.1
147 silly idealTree +-- is-binary-path@1.0.1
147 silly idealTree +-- is-buffer@1.1.4
147 silly idealTree +-- is-dotfile@1.0.2
147 silly idealTree +-- is-equal-shallow@0.1.3
147 silly idealTree +-- is-extendable@0.1.1
147 silly idealTree +-- is-extglob@1.0.0
147 silly idealTree +-- is-finite@1.0.2
147 silly idealTree +-- is-glob@2.0.1
147 silly idealTree +-- is-my-json-valid@2.15.0
147 silly idealTree +-- is-npm@1.0.0
147 silly idealTree +-- is-number@2.1.0
147 silly idealTree +-- is-posix-bracket@0.1.1
147 silly idealTree +-- is-primitive@2.0.0
147 silly idealTree +-- is-property@1.0.2
147 silly idealTree +-- is-redirect@1.0.0
147 silly idealTree +-- is-stream@1.1.0
147 silly idealTree +-- is-typedarray@1.0.0
147 silly idealTree +-- is-utf8@0.2.1
147 silly idealTree +-- isarray@0.0.1
147 silly idealTree +-- isexe@1.1.2
147 silly idealTree +-- isobject@2.1.0
147 silly idealTree | `-- isarray@1.0.0
147 silly idealTree +-- isstream@0.1.2
147 silly idealTree +-- jodid25519@1.0.2
147 silly idealTree +-- js-yaml@3.4.6
147 silly idealTree +-- jsbn@0.1.0
147 silly idealTree +-- jscs-jsdoc@2.0.0
147 silly idealTree +-- jscs-preset-wikimedia@1.0.0
147 silly idealTree +-- jscs@3.0.7
147 silly idealTree | `-- lodash@3.10.1
147 silly idealTree +-- jsdoctypeparser@1.2.0
147 silly idealTree | `-- lodash@3.10.1
147 silly idealTree +-- json-schema@0.2.3
147 silly idealTree +-- json-stringify-safe@5.0.1
147 silly idealTree +-- jsonlint@1.6.2
147 silly idealTree +-- jsonpointer@4.0.0
147 silly idealTree +-- jsprim@1.3.1
147 silly idealTree +-- JSV@4.0.2
147 silly idealTree +-- kind-of@3.0.4
147 silly idealTree +-- latest-version@1.0.1
147 silly idealTree +-- lodash._baseassign@3.2.0
147 silly idealTree +-- lodash._basecopy@3.0.1
147 silly idealTree +-- lodash._bindcallback@3.0.1
147 silly idealTree +-- lodash._createassigner@3.1.1
147 silly idealTree +-- lodash._getnative@3.9.1
147 silly idealTree +-- lodash._isiterateecall@3.0.9
147 silly idealTree +-- lodash.assign@3.2.0
147 silly idealTree +-- lodash.defaults@3.1.2
147 silly idealTree +-- lodash.isarguments@3.1.0
147 silly idealTree +-- lodash.isarray@3.0.4
147 silly idealTree +-- lodash.keys@3.1.2
147 silly idealTree +-- lodash.restparam@3.6.1
147 silly idealTree +-- lodash@4.12.0
147 silly idealTree +-- lowercase-keys@1.0.0
147 silly idealTree +-- lru-cache@4.0.1
147 silly idealTree +-- map-stream@0.1.0
147 silly idealTree +-- media-typer@0.3.0
147 silly idealTree +-- merge-descriptors@1.0.1
147 silly idealTree +-- methods@1.1.2
147 silly idealTree +-- micromatch@2.3.11
147 silly idealTree +-- mime-db@1.24.0
147 silly idealTree +-- mime-types@2.1.12
147 silly idealTree +-- mime@1.3.4
147 silly idealTree +-- minimatch@3.0.3
147 silly idealTree +-- minimist@0.0.8
147 silly idealTree +-- mkdirp@0.5.1
147 silly idealTree +-- moment-timezone@0.5.6
147 silly idealTree +-- moment@2.15.1
147 silly idealTree +-- morgan@1.7.0
147 silly idealTree +-- ms@0.7.1
147 silly idealTree +-- mute-stream@0.0.6
147 silly idealTree +-- mysql@2.11.1
147 silly idealTree +-- nan@2.3.5
147 silly idealTree +-- natural-compare@1.2.2
147 silly idealTree +-- ncp@0.4.2
147 silly idealTree +-- negotiator@0.6.1
147 silly idealTree +-- nested-error-stacks@1.0.2
147 silly idealTree +-- node-uuid@1.4.7
147 silly idealTree +-- nodemon@1.11.0
147 silly idealTree +-- nomnom@1.8.1
147 silly idealTree | +-- ansi-styles@1.0.0
147 silly idealTree | +-- chalk@0.4.0
147 silly idealTree | +-- strip-ansi@0.1.1
147 silly idealTree | `-- underscore@1.6.0
147 silly idealTree +-- nopt@1.0.10
147 silly idealTree +-- normalize-path@2.0.1
147 silly idealTree +-- number-is-nan@1.0.1
147 silly idealTree +-- oauth-sign@0.8.2
147 silly idealTree +-- oauth@0.9.14
147 silly idealTree +-- object-assign@4.1.0
147 silly idealTree +-- object.omit@2.0.0
147 silly idealTree +-- on-finished@2.3.0
147 silly idealTree +-- on-headers@1.0.1
147 silly idealTree +-- once@1.4.0
147 silly idealTree +-- os-homedir@1.0.2
147 silly idealTree +-- os-tmpdir@1.0.2
147 silly idealTree +-- osenv@0.1.3
147 silly idealTree +-- package-json@1.2.0
147 silly idealTree +-- packet-reader@0.2.0
147 silly idealTree +-- parse-glob@3.0.4
147 silly idealTree +-- parseurl@1.3.1
147 silly idealTree +-- path-is-absolute@1.0.1
147 silly idealTree +-- path-to-regexp@0.1.7
147 silly idealTree +-- path@0.12.7
147 silly idealTree +-- pathval@0.1.1
147 silly idealTree +-- pause-stream@0.0.11
147 silly idealTree +-- pg-connection-string@0.1.3
147 silly idealTree +-- pg-hstore@2.3.2
147 silly idealTree +-- pg-pool@1.5.0
147 silly idealTree +-- pg-types@1.11.0
147 silly idealTree +-- pg@6.1.0
147 silly idealTree +-- pgpass@1.0.1
147 silly idealTree +-- pinkie-promise@2.0.1
147 silly idealTree +-- pinkie@2.0.4
147 silly idealTree +-- pkginfo@0.4.0
147 silly idealTree +-- postgres-array@1.0.0
147 silly idealTree +-- postgres-bytea@1.0.0
147 silly idealTree +-- postgres-date@1.0.3
147 silly idealTree +-- postgres-interval@1.0.2
147 silly idealTree +-- prepend-http@1.0.4
147 silly idealTree +-- preserve@0.2.0
147 silly idealTree +-- process-nextick-args@1.0.7
147 silly idealTree +-- process@0.11.9
147 silly idealTree +-- prompt@0.2.14
147 silly idealTree +-- proxy-addr@1.1.2
147 silly idealTree +-- ps-tree@1.1.0
147 silly idealTree +-- pseudomap@1.0.2
147 silly idealTree +-- qs@6.2.0
147 silly idealTree +-- randomatic@1.1.5
147 silly idealTree +-- randomstring@1.1.5
147 silly idealTree +-- range-parser@1.2.0
147 silly idealTree +-- raw-body@2.1.7
147 silly idealTree +-- rc@1.1.6
147 silly idealTree | `-- minimist@1.2.0
147 silly idealTree +-- read-all-stream@3.1.0
147 silly idealTree | +-- isarray@1.0.0
147 silly idealTree | `-- readable-stream@2.1.5
147 silly idealTree +-- read@1.0.7
147 silly idealTree +-- readable-stream@1.1.14
147 silly idealTree +-- readdirp@2.1.0
147 silly idealTree | +-- isarray@1.0.0
147 silly idealTree | `-- readable-stream@2.1.5
147 silly idealTree +-- regenerator-runtime@0.9.5
147 silly idealTree +-- regex-cache@0.4.3
147 silly idealTree +-- registry-url@3.1.0
147 silly idealTree +-- repeat-element@1.1.2
147 silly idealTree +-- repeat-string@1.5.4
147 silly idealTree +-- repeating@1.1.3
147 silly idealTree +-- request@2.75.0
147 silly idealTree +-- reserved-words@0.1.1
147 silly idealTree +-- resolve@1.1.7
147 silly idealTree +-- retry-as-promised@2.1.0
147 silly idealTree +-- revalidator@0.1.8
147 silly idealTree +-- rimraf@2.5.4
147 silly idealTree | `-- glob@7.1.1
147 silly idealTree +-- semver-diff@2.1.0
147 silly idealTree | `-- semver@5.3.0
147 silly idealTree +-- semver@4.3.2
147 silly idealTree +-- send@0.14.1
147 silly idealTree +-- sequelize@3.24.4
147 silly idealTree | `-- semver@5.3.0
147 silly idealTree +-- serve-static@1.11.1
147 silly idealTree +-- set-immediate-shim@1.0.1
147 silly idealTree +-- setprototypeof@1.0.1
147 silly idealTree +-- shimmer@1.1.0
147 silly idealTree +-- slide@1.1.6
147 silly idealTree +-- sntp@1.0.9
147 silly idealTree +-- source-map-support@0.4.5
147 silly idealTree +-- source-map@0.5.6
147 silly idealTree +-- split@1.0.0
147 silly idealTree +-- sprintf-js@1.0.3
147 silly idealTree +-- sqlstring@2.0.1
147 silly idealTree +-- sshpk@1.10.1
147 silly idealTree | `-- assert-plus@1.0.0
147 silly idealTree +-- stack-trace@0.0.9
147 silly idealTree +-- statuses@1.3.0
147 silly idealTree +-- stream-combiner@0.0.4
147 silly idealTree +-- stream-shift@1.0.0
147 silly idealTree +-- string_decoder@0.10.31
147 silly idealTree +-- string-length@1.0.1
147 silly idealTree +-- stringstream@0.0.5
147 silly idealTree +-- strip-ansi@3.0.1
147 silly idealTree +-- strip-bom@2.0.0
147 silly idealTree +-- strip-json-comments@1.0.4
147 silly idealTree +-- supports-color@2.0.0
147 silly idealTree +-- terraformer-wkt-parser@1.1.2
147 silly idealTree +-- terraformer@1.0.7
147 silly idealTree +-- through@2.3.8
147 silly idealTree +-- timed-out@2.0.0
147 silly idealTree +-- to-double-quotes@2.0.0
147 silly idealTree +-- to-single-quotes@2.0.1
147 silly idealTree +-- toposort-class@1.0.1
147 silly idealTree +-- touch@1.0.0
147 silly idealTree +-- tough-cookie@2.3.1
147 silly idealTree +-- tunnel-agent@0.4.3
147 silly idealTree +-- tweetnacl@0.14.3
147 silly idealTree +-- type-is@1.6.13
147 silly idealTree +-- undefsafe@0.0.3
147 silly idealTree +-- underscore@1.8.3
147 silly idealTree +-- unpipe@1.0.0
147 silly idealTree +-- update-notifier@0.5.0
147 silly idealTree +-- util-deprecate@1.0.2
147 silly idealTree +-- util@0.10.3
147 silly idealTree +-- utile@0.2.1
147 silly idealTree +-- utils-merge@1.0.0
147 silly idealTree +-- uuid@2.0.3
147 silly idealTree +-- validator@5.7.0
147 silly idealTree +-- vary@1.1.0
147 silly idealTree +-- verror@1.3.6
147 silly idealTree +-- vow-fs@0.3.6
147 silly idealTree | `-- glob@7.1.1
147 silly idealTree +-- vow-queue@0.4.2
147 silly idealTree +-- vow@0.4.12
147 silly idealTree +-- which@1.2.11
147 silly idealTree +-- winston@0.8.3
147 silly idealTree | +-- colors@0.6.2
147 silly idealTree | `-- pkginfo@0.3.1
147 silly idealTree +-- wkx@0.2.0
147 silly idealTree +-- wrappy@1.0.2
147 silly idealTree +-- write-file-atomic@1.2.0
147 silly idealTree +-- xdg-basedir@2.0.0
147 silly idealTree +-- xmlbuilder@3.1.0
147 silly idealTree | `-- lodash@3.10.1
147 silly idealTree +-- xtend@4.0.1
147 silly idealTree +-- yallist@2.0.0
147 silly idealTree `-- yelp@1.0.1
148 silly generateActionsToTake Starting
149 silly install generateActionsToTake
150 silly generateActionsToTake Finishing
151 silly diffTrees action count 3
152 silly diffTrees add bindings@1.2.1
153 silly diffTrees add nan@2.3.5
154 silly diffTrees add bcrypt@0.8.7
155 silly decomposeActions action count 24
156 silly decomposeActions fetch bindings@1.2.1
157 silly decomposeActions extract bindings@1.2.1
158 silly decomposeActions test bindings@1.2.1
159 silly decomposeActions preinstall bindings@1.2.1
160 silly decomposeActions build bindings@1.2.1
161 silly decomposeActions install bindings@1.2.1
162 silly decomposeActions postinstall bindings@1.2.1
163 silly decomposeActions finalize bindings@1.2.1
164 silly decomposeActions fetch nan@2.3.5
165 silly decomposeActions extract nan@2.3.5
166 silly decomposeActions test nan@2.3.5
167 silly decomposeActions preinstall nan@2.3.5
168 silly decomposeActions build nan@2.3.5
169 silly decomposeActions install nan@2.3.5
170 silly decomposeActions postinstall nan@2.3.5
171 silly decomposeActions finalize nan@2.3.5
172 silly decomposeActions fetch bcrypt@0.8.7
173 silly decomposeActions extract bcrypt@0.8.7
174 silly decomposeActions test bcrypt@0.8.7
175 silly decomposeActions preinstall bcrypt@0.8.7
176 silly decomposeActions build bcrypt@0.8.7
177 silly decomposeActions install bcrypt@0.8.7
178 silly decomposeActions postinstall bcrypt@0.8.7
179 silly decomposeActions finalize bcrypt@0.8.7
180 silly runTopLevelLifecycles Starting
181 silly install runPreinstallTopLevelLifecycles
182 silly preinstall planit@1.0.0 C:\Users\Reclamation\Desktop\makersquare\planit\planit-e73581ba
183 info lifecycle planit@1.0.0~preinstall: planit@1.0.0
184 silly lifecycle planit@1.0.0~preinstall: no script for preinstall, continuing
185 silly executeActions Starting
186 silly install executeActions
187 silly doSerial global-install 0
188 silly doParallel fetch 3
189 verbose correctMkdir C:\Users\Reclamation\AppData\Roaming\npm-cache\_locks correctMkdir not in flight; initializing
190 verbose lock using C:\Users\Reclamation\AppData\Roaming\npm-cache\_locks\staging-1ab67f6641b98597.lock for C:\Users\Reclamation\Desktop\makersquare\planit\node_modules\.staging
191 silly doParallel extract 3
192 silly extract bindings@1.2.1
193 silly extract nan@2.3.5
194 silly extract bcrypt@0.8.7
195 verbose unbuild node_modules\.staging\bindings-1871e320
196 verbose unbuild node_modules\.staging\nan-986e5790
197 verbose unbuild node_modules\.staging\bcrypt-1d8e34c2
198 silly gentlyRm C:\Users\Reclamation\Desktop\makersquare\planit\node_modules\.staging\bindings-1871e320 is being purged from base C:\Users\Reclamation\Desktop\makersquare\planit
199 verbose gentlyRm don't care about contents; nuking C:\Users\Reclamation\Desktop\makersquare\planit\node_modules\.staging\bindings-1871e320
200 silly gentlyRm C:\Users\Reclamation\Desktop\makersquare\planit\node_modules\.staging\nan-986e5790 is being purged from base C:\Users\Reclamation\Desktop\makersquare\planit
201 verbose gentlyRm don't care about contents; nuking C:\Users\Reclamation\Desktop\makersquare\planit\node_modules\.staging\nan-986e5790
202 verbose tar unpack C:\Users\Reclamation\AppData\Roaming\npm-cache\bindings\1.2.1\package.tgz
203 verbose tar unpacking to C:\Users\Reclamation\Desktop\makersquare\planit\node_modules\.staging\bindings-1871e320
204 silly gentlyRm C:\Users\Reclamation\Desktop\makersquare\planit\node_modules\.staging\bindings-1871e320 is being purged
205 verbose gentlyRm don't care about contents; nuking C:\Users\Reclamation\Desktop\makersquare\planit\node_modules\.staging\bindings-1871e320
206 silly gentlyRm C:\Users\Reclamation\Desktop\makersquare\planit\node_modules\.staging\bcrypt-1d8e34c2 is being purged from base C:\Users\Reclamation\Desktop\makersquare\planit
207 verbose gentlyRm don't care about contents; nuking C:\Users\Reclamation\Desktop\makersquare\planit\node_modules\.staging\bcrypt-1d8e34c2
208 verbose tar unpack C:\Users\Reclamation\AppData\Roaming\npm-cache\nan\2.3.5\package.tgz
209 verbose tar unpacking to C:\Users\Reclamation\Desktop\makersquare\planit\node_modules\.staging\nan-986e5790
210 silly gentlyRm C:\Users\Reclamation\Desktop\makersquare\planit\node_modules\.staging\nan-986e5790 is being purged
211 verbose gentlyRm don't care about contents; nuking C:\Users\Reclamation\Desktop\makersquare\planit\node_modules\.staging\nan-986e5790
212 silly gunzTarPerm modes [ '777', '666' ]
213 verbose tar unpack C:\Users\Reclamation\AppData\Roaming\npm-cache\bcrypt\0.8.7\package.tgz
214 verbose tar unpacking to C:\Users\Reclamation\Desktop\makersquare\planit\node_modules\.staging\bcrypt-1d8e34c2
215 silly gentlyRm C:\Users\Reclamation\Desktop\makersquare\planit\node_modules\.staging\bcrypt-1d8e34c2 is being purged
216 verbose gentlyRm don't care about contents; nuking C:\Users\Reclamation\Desktop\makersquare\planit\node_modules\.staging\bcrypt-1d8e34c2
217 silly gunzTarPerm modes [ '777', '666' ]
218 silly gunzTarPerm modes [ '777', '666' ]
219 silly gunzTarPerm extractEntry package.json
220 silly gunzTarPerm modified mode [ 'package.json', 420, 438 ]
221 silly gunzTarPerm extractEntry package.json
222 silly gunzTarPerm modified mode [ 'package.json', 436, 438 ]
223 silly gunzTarPerm extractEntry package.json
224 silly gunzTarPerm modified mode [ 'package.json', 420, 438 ]
225 silly gunzTarPerm extractEntry README.md
226 silly gunzTarPerm modified mode [ 'README.md', 420, 438 ]
227 silly gunzTarPerm extractEntry bindings.js
228 silly gunzTarPerm modified mode [ 'bindings.js', 420, 438 ]
229 silly gunzTarPerm extractEntry README.md
230 silly gunzTarPerm modified mode [ 'README.md', 436, 438 ]
231 silly gunzTarPerm extractEntry .npmignore
232 silly gunzTarPerm modified mode [ '.npmignore', 420, 438 ]
233 silly gunzTarPerm extractEntry README.md
234 silly gunzTarPerm modified mode [ 'README.md', 420, 438 ]
235 silly gunzTarPerm extractEntry include_dirs.js
236 silly gunzTarPerm modified mode [ 'include_dirs.js', 436, 438 ]
237 silly gunzTarPerm extractEntry LICENSE
238 silly gunzTarPerm modified mode [ 'LICENSE', 420, 438 ]
239 silly gunzTarPerm extractEntry bcrypt.js
240 silly gunzTarPerm modified mode [ 'bcrypt.js', 420, 438 ]
241 silly gunzTarPerm extractEntry Makefile
242 silly gunzTarPerm modified mode [ 'Makefile', 420, 438 ]
243 silly gunzTarPerm extractEntry .travis.yml
244 silly gunzTarPerm modified mode [ '.travis.yml', 420, 438 ]
245 silly gunzTarPerm extractEntry CHANGELOG.md
246 silly gunzTarPerm modified mode [ 'CHANGELOG.md', 420, 438 ]
247 silly gunzTarPerm extractEntry binding.gyp
248 silly gunzTarPerm modified mode [ 'binding.gyp', 420, 438 ]
249 silly gunzTarPerm extractEntry examples/async_compare.js
250 silly gunzTarPerm modified mode [ 'examples/async_compare.js', 420, 438 ]
251 silly gunzTarPerm extractEntry examples/forever_gen_salt.js
252 silly gunzTarPerm modified mode [ 'examples/forever_gen_salt.js', 420, 438 ]
253 silly gunzTarPerm extractEntry test/async.js
254 silly gunzTarPerm modified mode [ 'test/async.js', 420, 438 ]
255 silly gunzTarPerm extractEntry test/repetitions.js
256 silly gunzTarPerm modified mode [ 'test/repetitions.js', 420, 438 ]
257 silly gunzTarPerm extractEntry test/sync.js
258 silly gunzTarPerm modified mode [ 'test/sync.js', 420, 438 ]
259 silly gunzTarPerm extractEntry ISSUE_TEMPLATE.md
260 silly gunzTarPerm modified mode [ 'ISSUE_TEMPLATE.md', 420, 438 ]
261 silly gunzTarPerm extractEntry src/bcrypt.cc
262 silly gunzTarPerm modified mode [ 'src/bcrypt.cc', 420, 438 ]
263 silly gunzTarPerm extractEntry src/bcrypt_node.cc
264 silly gunzTarPerm modified mode [ 'src/bcrypt_node.cc', 420, 438 ]
265 silly gunzTarPerm extractEntry src/blowfish.cc
266 silly gunzTarPerm modified mode [ 'src/blowfish.cc', 420, 438 ]
267 silly gunzTarPerm extractEntry src/node_blf.h
268 silly gunzTarPerm modified mode [ 'src/node_blf.h', 420, 438 ]
269 silly gunzTarPerm extractEntry werker.yml
270 silly gunzTarPerm modified mode [ 'werker.yml', 420, 438 ]
271 silly gunzTarPerm extractEntry nan_converters.h
272 silly gunzTarPerm modified mode [ 'nan_converters.h', 436, 438 ]
273 silly gunzTarPerm extractEntry LICENSE.md
274 silly gunzTarPerm modified mode [ 'LICENSE.md', 436, 438 ]
275 silly gunzTarPerm extractEntry doc/node_misc.md
276 silly gunzTarPerm modified mode [ 'doc/node_misc.md', 436, 438 ]
277 silly gunzTarPerm extractEntry doc/asyncworker.md
278 silly gunzTarPerm modified mode [ 'doc/asyncworker.md', 436, 438 ]
279 silly gunzTarPerm extractEntry doc/callback.md
280 silly gunzTarPerm modified mode [ 'doc/callback.md', 436, 438 ]
281 silly gunzTarPerm extractEntry doc/converters.md
282 silly gunzTarPerm modified mode [ 'doc/converters.md', 436, 438 ]
283 silly gunzTarPerm extractEntry doc/errors.md
284 silly gunzTarPerm modified mode [ 'doc/errors.md', 436, 438 ]
285 silly gunzTarPerm extractEntry doc/maybe_types.md
286 silly gunzTarPerm modified mode [ 'doc/maybe_types.md', 436, 438 ]
287 silly gentlyRm C:\Users\Reclamation\Desktop\makersquare\planit\node_modules\.staging\bindings-1871e320\node_modules is being purged
288 verbose gentlyRm don't care about contents; nuking C:\Users\Reclamation\Desktop\makersquare\planit\node_modules\.staging\bindings-1871e320\node_modules
289 silly gunzTarPerm extractEntry doc/methods.md
290 silly gunzTarPerm modified mode [ 'doc/methods.md', 436, 438 ]
291 silly gunzTarPerm extractEntry doc/new.md
292 silly gunzTarPerm modified mode [ 'doc/new.md', 436, 438 ]
293 silly gunzTarPerm extractEntry doc/buffers.md
294 silly gunzTarPerm modified mode [ 'doc/buffers.md', 436, 438 ]
295 silly gunzTarPerm extractEntry doc/object_wrappers.md
296 silly gunzTarPerm modified mode [ 'doc/object_wrappers.md', 436, 438 ]
297 silly gunzTarPerm extractEntry doc/persistent.md
298 silly gunzTarPerm modified mode [ 'doc/persistent.md', 436, 438 ]
299 silly gunzTarPerm extractEntry doc/scopes.md
300 silly gunzTarPerm modified mode [ 'doc/scopes.md', 436, 438 ]
301 silly gunzTarPerm extractEntry doc/script.md
302 silly gunzTarPerm modified mode [ 'doc/script.md', 436, 438 ]
303 silly gunzTarPerm extractEntry doc/string_bytes.md
304 silly gunzTarPerm modified mode [ 'doc/string_bytes.md', 436, 438 ]
305 silly gunzTarPerm extractEntry doc/v8_internals.md
306 silly gunzTarPerm modified mode [ 'doc/v8_internals.md', 436, 438 ]
307 silly gunzTarPerm extractEntry doc/v8_misc.md
308 silly gunzTarPerm modified mode [ 'doc/v8_misc.md', 436, 438 ]
309 silly gunzTarPerm extractEntry nan.h
310 silly gunzTarPerm modified mode [ 'nan.h', 436, 438 ]
311 silly gunzTarPerm extractEntry nan_callbacks.h
312 silly gunzTarPerm modified mode [ 'nan_callbacks.h', 436, 438 ]
313 silly gunzTarPerm extractEntry nan_callbacks_12_inl.h
314 silly gunzTarPerm modified mode [ 'nan_callbacks_12_inl.h', 436, 438 ]
315 silly gunzTarPerm extractEntry nan_callbacks_pre_12_inl.h
316 silly gunzTarPerm modified mode [ 'nan_callbacks_pre_12_inl.h', 436, 438 ]
317 silly gunzTarPerm extractEntry nan_converters_43_inl.h
318 silly gunzTarPerm modified mode [ 'nan_converters_43_inl.h', 436, 438 ]
319 silly gunzTarPerm extractEntry nan_converters_pre_43_inl.h
320 silly gunzTarPerm modified mode [ 'nan_converters_pre_43_inl.h', 436, 438 ]
321 silly gunzTarPerm extractEntry nan_implementation_12_inl.h
322 silly gunzTarPerm modified mode [ 'nan_implementation_12_inl.h', 436, 438 ]
323 silly gunzTarPerm extractEntry nan_implementation_pre_12_inl.h
324 silly gunzTarPerm modified mode [ 'nan_implementation_pre_12_inl.h', 436, 438 ]
325 silly gunzTarPerm extractEntry nan_maybe_43_inl.h
326 silly gunzTarPerm modified mode [ 'nan_maybe_43_inl.h', 436, 438 ]
327 silly gunzTarPerm extractEntry nan_maybe_pre_43_inl.h
328 silly gunzTarPerm modified mode [ 'nan_maybe_pre_43_inl.h', 436, 438 ]
329 silly gunzTarPerm extractEntry nan_new.h
330 silly gunzTarPerm modified mode [ 'nan_new.h', 436, 438 ]
331 silly gunzTarPerm extractEntry nan_object_wrap.h
332 silly gunzTarPerm modified mode [ 'nan_object_wrap.h', 436, 438 ]
333 silly gunzTarPerm extractEntry nan_persistent_12_inl.h
334 silly gunzTarPerm modified mode [ 'nan_persistent_12_inl.h', 436, 438 ]
335 silly gunzTarPerm extractEntry nan_persistent_pre_12_inl.h
336 silly gunzTarPerm modified mode [ 'nan_persistent_pre_12_inl.h', 436, 438 ]
337 silly gunzTarPerm extractEntry nan_string_bytes.h
338 silly gunzTarPerm modified mode [ 'nan_string_bytes.h', 436, 438 ]
339 silly gunzTarPerm extractEntry nan_typedarray_contents.h
340 silly gunzTarPerm modified mode [ 'nan_typedarray_contents.h', 436, 438 ]
341 silly gunzTarPerm extractEntry nan_weak.h
342 silly gunzTarPerm modified mode [ 'nan_weak.h', 436, 438 ]
343 silly gunzTarPerm extractEntry CHANGELOG.md
344 silly gunzTarPerm modified mode [ 'CHANGELOG.md', 436, 438 ]
345 silly gunzTarPerm extractEntry tools/package.json
346 silly gunzTarPerm modified mode [ 'tools/package.json', 436, 438 ]
347 silly gunzTarPerm extractEntry tools/README.md
348 silly gunzTarPerm modified mode [ 'tools/README.md', 436, 438 ]
349 silly gunzTarPerm extractEntry tools/1to2.js
350 silly gunzTarPerm modified mode [ 'tools/1to2.js', 509, 511 ]
351 silly gentlyRm C:\Users\Reclamation\Desktop\makersquare\planit\node_modules\.staging\bcrypt-1d8e34c2\node_modules is being purged
352 verbose gentlyRm don't care about contents; nuking C:\Users\Reclamation\Desktop\makersquare\planit\node_modules\.staging\bcrypt-1d8e34c2\node_modules
353 silly gentlyRm C:\Users\Reclamation\Desktop\makersquare\planit\node_modules\.staging\nan-986e5790\node_modules is being purged
354 verbose gentlyRm don't care about contents; nuking C:\Users\Reclamation\Desktop\makersquare\planit\node_modules\.staging\nan-986e5790\node_modules
355 silly doParallel preinstall 3
356 silly preinstall bindings@1.2.1 C:\Users\Reclamation\Desktop\makersquare\planit\node_modules\.staging\bindings-1871e320
357 info lifecycle bindings@1.2.1~preinstall: bindings@1.2.1
358 silly preinstall nan@2.3.5 C:\Users\Reclamation\Desktop\makersquare\planit\node_modules\.staging\nan-986e5790
359 info lifecycle nan@2.3.5~preinstall: nan@2.3.5
360 silly preinstall bcrypt@0.8.7 C:\Users\Reclamation\Desktop\makersquare\planit\node_modules\.staging\bcrypt-1d8e34c2
361 info lifecycle bcrypt@0.8.7~preinstall: bcrypt@0.8.7
362 silly lifecycle bindings@1.2.1~preinstall: no script for preinstall, continuing
363 silly lifecycle nan@2.3.5~preinstall: no script for preinstall, continuing
364 silly lifecycle bcrypt@0.8.7~preinstall: no script for preinstall, continuing
365 silly doReverseSerial remove 0
366 silly doSerial move 0
367 silly doSerial finalize 3
368 silly finalize C:\Users\Reclamation\Desktop\makersquare\planit\node_modules\bindings
369 silly finalize C:\Users\Reclamation\Desktop\makersquare\planit\node_modules\nan
370 silly finalize C:\Users\Reclamation\Desktop\makersquare\planit\node_modules\bcrypt
371 silly doSerial build 3
372 silly build bindings@1.2.1
373 info linkStuff bindings@1.2.1
374 silly linkStuff bindings@1.2.1 has C:\Users\Reclamation\Desktop\makersquare\planit\node_modules as its parent node_modules
375 verbose linkBins bindings@1.2.1
376 verbose linkMans bindings@1.2.1
377 silly build nan@2.3.5
378 info linkStuff nan@2.3.5
379 silly linkStuff nan@2.3.5 has C:\Users\Reclamation\Desktop\makersquare\planit\node_modules as its parent node_modules
380 verbose linkBins nan@2.3.5
381 verbose linkMans nan@2.3.5
382 silly build bcrypt@0.8.7
383 info linkStuff bcrypt@0.8.7
384 silly linkStuff bcrypt@0.8.7 has C:\Users\Reclamation\Desktop\makersquare\planit\node_modules as its parent node_modules
385 verbose linkBins bcrypt@0.8.7
386 verbose linkMans bcrypt@0.8.7
387 silly doSerial global-link 0
388 silly doParallel update-linked 0
389 silly doSerial install 3
390 silly install bindings@1.2.1 C:\Users\Reclamation\Desktop\makersquare\planit\node_modules\.staging\bindings-1871e320
391 info lifecycle bindings@1.2.1~install: bindings@1.2.1
392 silly lifecycle bindings@1.2.1~install: no script for install, continuing
393 silly install nan@2.3.5 C:\Users\Reclamation\Desktop\makersquare\planit\node_modules\.staging\nan-986e5790
394 info lifecycle nan@2.3.5~install: nan@2.3.5
395 silly lifecycle nan@2.3.5~install: no script for install, continuing
396 silly install bcrypt@0.8.7 C:\Users\Reclamation\Desktop\makersquare\planit\node_modules\.staging\bcrypt-1d8e34c2
397 info lifecycle bcrypt@0.8.7~install: bcrypt@0.8.7
398 verbose lifecycle bcrypt@0.8.7~install: unsafe-perm in lifecycle true
399 verbose lifecycle bcrypt@0.8.7~install: PATH: C:\Users\Reclamation\AppData\Roaming\npm\node_modules\npm\bin\node-gyp-bin;C:\Users\Reclamation\Desktop\makersquare\planit\node_modules\bcrypt\node_modules\.bin;C:\Users\Reclamation\Desktop\makersquare\planit\node_modules\.bin;C:\WINDOWS\system32;C:\WINDOWS;C:\WINDOWS\System32\Wbem;C:\WINDOWS\System32\WindowsPowerShell\v1.0\;C:\Program Files (x86)\Skype\Phone\;C:\Program Files\Git\cmd;C:\Program Files\Git\mingw64\bin;C:\Program Files\Git\usr\bin;C:\Program Files\nodejs\;C:\Program Files (x86)\Heroku\bin;C:\Program Files (x86)\git\cmd;C:\Program Files (x86)\Git\cmd;C:\Users\Reclamation\AppData\Local\scoop\shims;C:\Ruby22\bin;C:\Users\Reclamation\AppData\Local\atom\bin;C:\Users\Reclamation\AppData\Roaming\npm
400 verbose lifecycle bcrypt@0.8.7~install: CWD: C:\Users\Reclamation\Desktop\makersquare\planit\node_modules\bcrypt
401 silly lifecycle bcrypt@0.8.7~install: Args: [ '/d /s /c', 'node-gyp rebuild' ]
402 silly lifecycle bcrypt@0.8.7~install: Returned: code: 1  signal: null
403 info lifecycle bcrypt@0.8.7~install: Failed to exec install script
404 verbose unlock done using C:\Users\Reclamation\AppData\Roaming\npm-cache\_locks\staging-1ab67f6641b98597.lock for C:\Users\Reclamation\Desktop\makersquare\planit\node_modules\.staging
405 silly rollbackFailedOptional Starting
406 silly rollbackFailedOptional Finishing
407 silly runTopLevelLifecycles Finishing
408 silly install printInstalled
409 warn optional SKIPPING OPTIONAL DEPENDENCY: fsevents@^1.0.0 (node_modules\chokidar\node_modules\fsevents):
410 warn notsup SKIPPING OPTIONAL DEPENDENCY: Unsupported platform for fsevents@1.0.14: wanted {"os":"darwin","arch":"any"} (current: {"os":"win32","arch":"x64"})
411 verbose notsup SKIPPING OPTIONAL DEPENDENCY: Valid OS:    darwin
411 verbose notsup SKIPPING OPTIONAL DEPENDENCY: Valid Arch:  any
411 verbose notsup SKIPPING OPTIONAL DEPENDENCY: Actual OS:   win32
411 verbose notsup SKIPPING OPTIONAL DEPENDENCY: Actual Arch: x64
412 verbose stack Error: bcrypt@0.8.7 install: `node-gyp rebuild`
412 verbose stack Exit status 1
412 verbose stack     at EventEmitter.<anonymous> (C:\Users\Reclamation\AppData\Roaming\npm\node_modules\npm\lib\utils\lifecycle.js:255:16)
412 verbose stack     at emitTwo (events.js:87:13)
412 verbose stack     at EventEmitter.emit (events.js:172:7)
412 verbose stack     at ChildProcess.<anonymous> (C:\Users\Reclamation\AppData\Roaming\npm\node_modules\npm\lib\utils\spawn.js:40:14)
412 verbose stack     at emitTwo (events.js:87:13)
412 verbose stack     at ChildProcess.emit (events.js:172:7)
412 verbose stack     at maybeClose (internal/child_process.js:829:16)
412 verbose stack     at Process.ChildProcess._handle.onexit (internal/child_process.js:211:5)
413 verbose pkgid bcrypt@0.8.7
414 verbose cwd C:\Users\Reclamation\Desktop\makersquare\planit
415 error Windows_NT 10.0.10586
416 error argv "C:\\Program Files\\nodejs\\node.exe" "C:\\Users\\Reclamation\\AppData\\Roaming\\npm\\node_modules\\npm\\bin\\npm-cli.js" "install"
417 error node v4.5.0
418 error npm  v3.10.8
419 error code ELIFECYCLE
420 error bcrypt@0.8.7 install: `node-gyp rebuild`
420 error Exit status 1
421 error Failed at the bcrypt@0.8.7 install script 'node-gyp rebuild'.
421 error Make sure you have the latest version of node.js and npm installed.
421 error If you do, this is most likely a problem with the bcrypt package,
421 error not with npm itself.
421 error Tell the author that this fails on your system:
421 error     node-gyp rebuild
421 error You can get information on how to open an issue for this project with:
421 error     npm bugs bcrypt
421 error Or if that isn't available, you can get their info via:
421 error     npm owner ls bcrypt
421 error There is likely additional logging output above.
422 verbose exit [ 1, true ]
